# JRE version: OpenJDK Runtime Environment (8.0_152) (build 1.8.0_152-release-1343-b16-5323222)
# Java VM: OpenJDK 64-Bit Server VM (25.152-b16-5323222 mixed mode linux-amd64 compressed oops)
Heap:
 PSYoungGen      total 343040K, used 39931K [0x00000000e0000000, 0x00000000f7600000, 0x0000000100000000)
  eden space 303104K, 0% used [0x00000000e0000000,0x00000000e0000000,0x00000000f2800000)
  from space 39936K, 99% used [0x00000000f2800000,0x00000000f4efee08,0x00000000f4f00000)
  to   space 35840K, 0% used [0x00000000f5300000,0x00000000f5300000,0x00000000f7600000)
 ParOldGen       total 157184K, used 142120K [0x00000000a0000000, 0x00000000a9980000, 0x00000000e0000000)
  object space 157184K, 90% used [0x00000000a0000000,0x00000000a8aca000,0x00000000a9980000)
 Metaspace       used 94552K, capacity 97734K, committed 97944K, reserved 1134592K
  class space    used 11727K, capacity 12367K, committed 12464K, reserved 1048576K
GC Heap History (10 events):
Event: 614.503 GC heap after
Heap after GC invocations=28 (full 5):
 PSYoungGen      total 268288K, used 8049K [0x00000000e0000000, 0x00000000f4c80000, 0x0000000100000000)
  eden space 224256K, 0% used [0x00000000e0000000,0x00000000e0000000,0x00000000edb00000)
  from space 44032K, 18% used [0x00000000edb00000,0x00000000ee2dc4e8,0x00000000f0600000)
  to   space 43008K, 0% used [0x00000000f2280000,0x00000000f2280000,0x00000000f4c80000)
 ParOldGen       total 135168K, used 109275K [0x00000000a0000000, 0x00000000a8400000, 0x00000000e0000000)
  object space 135168K, 80% used [0x00000000a0000000,0x00000000a6ab6c08,0x00000000a8400000)
 Metaspace       used 92225K, capacity 95266K, committed 95384K, reserved 1132544K
  class space    used 11537K, capacity 12151K, committed 12208K, reserved 1048576K
}
Event: 614.503 GC heap before
{Heap before GC invocations=29 (full 6):
 PSYoungGen      total 268288K, used 8049K [0x00000000e0000000, 0x00000000f4c80000, 0x0000000100000000)
  eden space 224256K, 0% used [0x00000000e0000000,0x00000000e0000000,0x00000000edb00000)
  from space 44032K, 18% used [0x00000000edb00000,0x00000000ee2dc4e8,0x00000000f0600000)
  to   space 43008K, 0% used [0x00000000f2280000,0x00000000f2280000,0x00000000f4c80000)
 ParOldGen       total 135168K, used 109275K [0x00000000a0000000, 0x00000000a8400000, 0x00000000e0000000)
  object space 135168K, 80% used [0x00000000a0000000,0x00000000a6ab6c08,0x00000000a8400000)
 Metaspace       used 92225K, capacity 95266K, committed 95384K, reserved 1132544K
  class space    used 11537K, capacity 12151K, committed 12208K, reserved 1048576K
Event: 614.854 GC heap after
Heap after GC invocations=29 (full 6):
 PSYoungGen      total 268288K, used 0K [0x00000000e0000000, 0x00000000f4c80000, 0x0000000100000000)
  eden space 224256K, 0% used [0x00000000e0000000,0x00000000e0000000,0x00000000edb00000)
  from space 44032K, 0% used [0x00000000edb00000,0x00000000edb00000,0x00000000f0600000)
  to   space 43008K, 0% used [0x00000000f2280000,0x00000000f2280000,0x00000000f4c80000)
 ParOldGen       total 157184K, used 88146K [0x00000000a0000000, 0x00000000a9980000, 0x00000000e0000000)
  object space 157184K, 56% used [0x00000000a0000000,0x00000000a5614950,0x00000000a9980000)
 Metaspace       used 92140K, capacity 95036K, committed 95384K, reserved 1132544K
  class space    used 11508K, capacity 12100K, committed 12208K, reserved 1048576K
}
Event: 616.002 GC heap before
{Heap before GC invocations=30 (full 6):
 PSYoungGen      total 268288K, used 224256K [0x00000000e0000000, 0x00000000f4c80000, 0x0000000100000000)
  eden space 224256K, 100% used [0x00000000e0000000,0x00000000edb00000,0x00000000edb00000)
  from space 44032K, 0% used [0x00000000edb00000,0x00000000edb00000,0x00000000f0600000)
  to   space 43008K, 0% used [0x00000000f2280000,0x00000000f2280000,0x00000000f4c80000)
 ParOldGen       total 157184K, used 88146K [0x00000000a0000000, 0x00000000a9980000, 0x00000000e0000000)
  object space 157184K, 56% used [0x00000000a0000000,0x00000000a5614950,0x00000000a9980000)
 Metaspace       used 92497K, capacity 95476K, committed 95896K, reserved 1132544K
  class space    used 11514K, capacity 12100K, committed 12208K, reserved 1048576K
Event: 616.019 GC heap after
Heap after GC invocations=30 (full 6):
 PSYoungGen      total 297472K, used 3168K [0x00000000e0000000, 0x00000000f6800000, 0x0000000100000000)
  eden space 254464K, 0% used [0x00000000e0000000,0x00000000e0000000,0x00000000ef880000)
  from space 43008K, 7% used [0x00000000f2280000,0x00000000f2598020,0x00000000f4c80000)
  to   space 43008K, 0% used [0x00000000ef880000,0x00000000ef880000,0x00000000f2280000)
 ParOldGen       total 157184K, used 88154K [0x00000000a0000000, 0x00000000a9980000, 0x00000000e0000000)
  object space 157184K, 56% used [0x00000000a0000000,0x00000000a5616950,0x00000000a9980000)
 Metaspace       used 92497K, capacity 95476K, committed 95896K, reserved 1132544K
  class space    used 11514K, capacity 12100K, committed 12208K, reserved 1048576K
}
Event: 617.424 GC heap before
{Heap before GC invocations=31 (full 6):
 PSYoungGen      total 297472K, used 257632K [0x00000000e0000000, 0x00000000f6800000, 0x0000000100000000)
  eden space 254464K, 100% used [0x00000000e0000000,0x00000000ef880000,0x00000000ef880000)
  from space 43008K, 7% used [0x00000000f2280000,0x00000000f2598020,0x00000000f4c80000)
  to   space 43008K, 0% used [0x00000000ef880000,0x00000000ef880000,0x00000000f2280000)
 ParOldGen       total 157184K, used 88154K [0x00000000a0000000, 0x00000000a9980000, 0x00000000e0000000)
  object space 157184K, 56% used [0x00000000a0000000,0x00000000a5616950,0x00000000a9980000)
 Metaspace       used 92744K, capacity 95680K, committed 96152K, reserved 1132544K
  class space    used 11523K, capacity 12100K, committed 12208K, reserved 1048576K
Event: 617.444 GC heap after
Heap after GC invocations=31 (full 6):
 PSYoungGen      total 297472K, used 5632K [0x00000000e0000000, 0x00000000f7b80000, 0x0000000100000000)
  eden space 254464K, 0% used [0x00000000e0000000,0x00000000e0000000,0x00000000ef880000)
  from space 43008K, 13% used [0x00000000ef880000,0x00000000efe00010,0x00000000f2280000)
  to   space 41472K, 0% used [0x00000000f5300000,0x00000000f5300000,0x00000000f7b80000)
 ParOldGen       total 157184K, used 90954K [0x00000000a0000000, 0x00000000a9980000, 0x00000000e0000000)
  object space 157184K, 57% used [0x00000000a0000000,0x00000000a58d2970,0x00000000a9980000)
 Metaspace       used 92744K, capacity 95680K, committed 96152K, reserved 1132544K
  class space    used 11523K, capacity 12100K, committed 12208K, reserved 1048576K
}
Event: 622.003 GC heap before
{Heap before GC invocations=32 (full 6):
 PSYoungGen      total 297472K, used 260096K [0x00000000e0000000, 0x00000000f7b80000, 0x0000000100000000)
  eden space 254464K, 100% used [0x00000000e0000000,0x00000000ef880000,0x00000000ef880000)
  from space 43008K, 13% used [0x00000000ef880000,0x00000000efe00010,0x00000000f2280000)
  to   space 41472K, 0% used [0x00000000f5300000,0x00000000f5300000,0x00000000f7b80000)
 ParOldGen       total 157184K, used 90954K [0x00000000a0000000, 0x00000000a9980000, 0x00000000e0000000)
  object space 157184K, 57% used [0x00000000a0000000,0x00000000a58d2970,0x00000000a9980000)
 Metaspace       used 93752K, capacity 96870K, committed 97048K, reserved 1134592K
  class space    used 11644K, capacity 12233K, committed 12336K, reserved 1048576K
Event: 622.025 GC heap after
Heap after GC invocations=32 (full 6):
 PSYoungGen      total 338944K, used 8110K [0x00000000e0000000, 0x00000000f7600000, 0x0000000100000000)
  eden space 303104K, 0% used [0x00000000e0000000,0x00000000e0000000,0x00000000f2800000)
  from space 35840K, 22% used [0x00000000f5300000,0x00000000f5aeb930,0x00000000f7600000)
  to   space 39936K, 0% used [0x00000000f2800000,0x00000000f2800000,0x00000000f4f00000)
 ParOldGen       total 157184K, used 95442K [0x00000000a0000000, 0x00000000a9980000, 0x00000000e0000000)
  object space 157184K, 60% used [0x00000000a0000000,0x00000000a5d349b0,0x00000000a9980000)
 Metaspace       used 93752K, capacity 96870K, committed 97048K, reserved 1134592K
  class space    used 11644K, capacity 12233K, committed 12336K, reserved 1048576K
}
Event: 631.761 GC heap before
{Heap before GC invocations=33 (full 6):
 PSYoungGen      total 338944K, used 311214K [0x00000000e0000000, 0x00000000f7600000, 0x0000000100000000)
  eden space 303104K, 100% used [0x00000000e0000000,0x00000000f2800000,0x00000000f2800000)
  from space 35840K, 22% used [0x00000000f5300000,0x00000000f5aeb930,0x00000000f7600000)
  to   space 39936K, 0% used [0x00000000f2800000,0x00000000f2800000,0x00000000f4f00000)
 ParOldGen       total 157184K, used 95442K [0x00000000a0000000, 0x00000000a9980000, 0x00000000e0000000)
  object space 157184K, 60% used [0x00000000a0000000,0x00000000a5d349b0,0x00000000a9980000)
 Metaspace       used 94552K, capacity 97734K, committed 97944K, reserved 1134592K
  class space    used 11727K, capacity 12367K, committed 12464K, reserved 1048576K

